
=== Tue Apr 13 10:43:49 2021

Packages were changed.
Update Mode: updateDependencies

The following packages were updated:
  com.unity.package-manager-ui from version 2.0.8 to 2.0.13
  com.unity.purchasing from version 2.0.3 to 2.1.1

=== Tue Nov  1 22:37:18 2022

Packages were changed.
Update Mode: updateDependencies

The following packages were added:
  com.unity.2d.sprite@1.0.0
  com.unity.2d.tilemap@1.0.0
  com.unity.ide.rider@3.0.15
  com.unity.ide.visualstudio@2.0.16
  com.unity.ide.vscode@1.2.5
  com.unity.modules.androidjni@1.0.0
  com.unity.test-framework@1.1.33
  com.unity.timeline@1.7.1
  com.unity.ugui@1.0.0
  com.unity.xr.legacyinputhelpers@2.1.10
The following packages were updated:
  com.unity.ads from version 2.0.8 to 4.3.0
  com.unity.analytics from version 3.2.2 to 3.7.1
  com.unity.collab-proxy from version 1.2.15 to 1.17.2
  com.unity.purchasing from version 2.1.1 to 4.4.1
The following packages were removed:
  com.unity.package-manager-ui@2.0.13
